#
# A fatal error has been detected by the Java Runtime Environment:
#
#  EXCEPTION_ACCESS_VIOLATION (0xc0000005) at pc=0x00007ffab8c6e0f3, pid=3664, tid=3420
#
# JRE version: Java(TM) SE Runtime Environment (14.0.2+12) (build 14.0.2+12-46)
# Java VM: Java HotSpot(TM) 64-Bit Server VM (14.0.2+12-46, mixed mode, sharing, tiered, compressed oops, g1 gc, windows-amd64)
# Problematic frame:
# V  [jvm.dll+0x2ee0f3]
#
# No core dump will be written. Minidumps are not enabled by default on client versions of Windows
#
# If you would like to submit a bug report, please visit:
#   https://bugreport.java.com/bugreport/crash.jsp
#

---------------  S U M M A R Y ------------

Command Line: -agentlib:jdwp=transport=dt_socket,address=127.0.0.1:57860,suspend=y,server=n -ea --enable-preview -Didea.test.cyclic.buffer.size=1048576 -javaagent:C:\Users\chans\AppData\Local\JetBrains\IdeaIC2020.2\captureAgent\debugger-agent.jar -Dfile.encoding=UTF-8 com.intellij.rt.junit.JUnitStarter -ideVersion5 -junit4 ru.job4j.it.EventTest,shouldReturnEvenNumbersSequentially

Host: AMD FX(tm)-6300 Six-Core Processor             , 6 cores, 15G,  Windows 10 , 64 bit Build 18362 (10.0.18362.1500)
Time: Sun Apr 18 15:23:10 2021 RTZ 2 (ceia) elapsed time: 228 seconds (0d 0h 3m 48s)

---------------  T H R E A D  ---------------

Current thread (0x000002226e66b800):  JavaThread "JDWP Transport Listener: dt_socket" daemon [_thread_in_vm, id=3420, stack(0x000000fae7800000,0x000000fae7900000)] _threads_hazard_ptr=0x000002226e7791e0

Stack: [0x000000fae7800000,0x000000fae7900000],  sp=0x000000fae78fe900,  free space=1018k
Native frames: (J=compiled Java code, j=interpreted, Vv=VM code, C=native code)
V  [jvm.dll+0x2ee0f3]
V  [jvm.dll+0x2f1fac]
V  [jvm.dll+0x2f248c]
V  [jvm.dll+0x2ee3c2]
V  [jvm.dll+0x5e7b55]
V  [jvm.dll+0x5e78dd]
V  [jvm.dll+0x5af8e3]
V  [jvm.dll+0x739aef]
V  [jvm.dll+0x4bee61]
V  [jvm.dll+0x74908b]
V  [jvm.dll+0x4a54ee]
V  [jvm.dll+0x46ee7b]
C  [jdwp.dll+0x751f]


siginfo: EXCEPTION_ACCESS_VIOLATION (0xc0000005), reading address 0xffffffffffffffff


Register to memory mapping:

RIP=0x00007ffab8c6e0f3 jvm.dll
RAX=0x000002226ef49af0 points into unknown readable memory: 01 40 80 10 04 00 00 00
RBX=0x000000fae78fead0 is pointing into the stack for thread: 0x000002226e66b800
RCX=0x000000fae78feb40 is pointing into the stack for thread: 0x000002226e66b800
RDX=0xffffffffffffffe9 is an unknown value
RSP=0x000000fae78fe900 is pointing into the stack for thread: 0x000002226e66b800
RBP=0x00007ffab8c6e0d0 jvm.dll
RSI=0x0 is NULL
RDI=0x00000000000000a7 is an unknown value
R8 =0x03ffffffffffffff is an unknown value
R9 =0x0000000000000029 is an unknown value
R10=0x0000000800bb4958 is a pointer to class: 
ru.job4j.it.Event {0x0000000800bb4960}
R11={method} {0x000002226e0e03f8} 'hasNext' '()Z' in 'ru/job4j/it/Event'
R12=0x0000000000000001 is an unknown value
R13=0x00007ffab8980000 jvm.dll
R14=0x000002226e0e03b7 is pointing into metadata
R15=0x000000000000001f is an unknown value


Registers:
RAX=0x000002226ef49af0, RBX=0x000000fae78fead0, RCX=0x000000fae78feb40, RDX=0xffffffffffffffe9
RSP=0x000000fae78fe900, RBP=0x00007ffab8c6e0d0, RSI=0x0000000000000000, RDI=0x00000000000000a7
R8 =0x03ffffffffffffff, R9 =0x0000000000000029, R10=0x0000000800bb4958, R11=0x000002226e0e03f0
R12=0x0000000000000001, R13=0x00007ffab8980000, R14=0x000002226e0e03b7, R15=0x000000000000001f
RIP=0x00007ffab8c6e0f3, EFLAGS=0x0000000000010217

Top of Stack: (sp=0x000000fae78fe900)
0x000000fae78fe900:   000000fae78feac0 00007ffab8c8350a
0x000000fae78fe910:   0000000000000000 00007ffab8c8350a
0x000000fae78fe920:   000000fae78fead0 00007ffab8c71fac
0x000000fae78fe930:   000000fae78fead0 000002226e66b800
0x000000fae78fe940:   000000fae78fe9a0 00007ffab8a9137e
0x000000fae78fe950:   000002226e0e03f0 000000fae78feb40
0x000000fae78fe960:   000002226ef507b8 000002226e0e03b7
0x000000fae78fe970:   00000000000000a7 00007ffab8c7248c
0x000000fae78fe980:   000000fae78fead0 000000000000001f
0x000000fae78fe990:   00000000000000a7 0000022247ee0cc0
0x000000fae78fe9a0:   000002226e0e03f0 000002226e66b800
0x000000fae78fe9b0:   000000220000001f 000000a700000031
0x000000fae78fe9c0:   0000003100000000 ffffffff000000a7
0x000000fae78fe9d0:   000002226ef507b8 0000000000000000
0x000000fae78fe9e0:   0000000000000000 00000000000083b0
0x000000fae78fe9f0:   000002226ef49aa0 00007ffab8c6e3c2 

Instructions: (pc=0x00007ffab8c6e0f3)
0x00007ffab8c6dff3:   84 b4 00 00 00 48 8b 5b 10 48 85 db 75 ef 33 d2
0x00007ffab8c6e003:   8d 4a 18 e8 65 39 36 00 48 8b d8 48 85 c0 0f 84
0x00007ffab8c6e013:   8e 00 00 00 33 d2 48 89 6c 24 48 49 8b 2e 48 89
0x00007ffab8c6e023:   74 24 50 89 38 8d 4a 20 e8 40 39 36 00 33 ff 48
0x00007ffab8c6e033:   8b f0 48 85 c0 74 54 8b 0d 38 23 6d 00 8d 57 08
0x00007ffab8c6e043:   89 48 04 48 8b c8 89 38 c7 40 10 08 00 00 00 48
0x00007ffab8c6e053:   89 78 08 e8 45 4e 01 00 48 89 46 18 39 7e 04 7e
0x00007ffab8c6e063:   2d 0f 1f 40 00 0f 1f 84 00 00 00 00 00 48 8b 46
0x00007ffab8c6e073:   18 48 63 cf 48 8d 14 c8 48 85 d2 74 05 33 c0 48
0x00007ffab8c6e083:   89 02 ff c7 3b 7e 04 7c e4 eb 03 48 8b f7 48 89
0x00007ffab8c6e093:   73 08 48 8b 74 24 50 48 89 6b 10 48 8b 6c 24 48
0x00007ffab8c6e0a3:   eb 04 33 ff 8b df 49 89 1e 48 8b 4b 08 48 8d 54
0x00007ffab8c6e0b3:   24 40 4c 89 7c 24 40 e8 e1 8b dc ff 48 8b 5c 24
0x00007ffab8c6e0c3:   58 48 83 c4 20 41 5f 41 5e 5f c3 cc cc 40 53 48
0x00007ffab8c6e0d3:   83 ec 20 48 63 d2 48 8b d9 0f b6 c2 48 83 c1 70
0x00007ffab8c6e0e3:   24 3f 4c 8b c2 44 0f b6 c8 49 c1 e8 06 48 8b 01
0x00007ffab8c6e0f3:   4e 8b 04 c0 4d 0f a3 c8 72 0b 41 b0 01 e8 6b f9
0x00007ffab8c6e103:   e0 ff ff 43 6c 48 83 c4 20 5b c3 cc cc 8b c2 4c
0x00007ffab8c6e113:   8b d1 41 33 c0 a9 00 00 00 f0 0f 84 ca 00 00 00
0x00007ffab8c6e123:   44 8b ca 8b c2 41 c1 e9 1d b9 72 00 00 00 41 80
0x00007ffab8c6e133:   e1 01 c1 e8 1e 44 8d 59 ae a8 01 74 1a 45 84 c9
0x00007ffab8c6e143:   75 0d c1 ea 1c f6 c2 01 75 05 44 8b c9 eb 35 41
0x00007ffab8c6e153:   b9 23 00 00 00 eb 2d 45 84 c9 74 08 41 b9 76 00
0x00007ffab8c6e163:   00 00 eb 20 8b c2 c1 e8 1c a8 01 74 08 41 b9 70
0x00007ffab8c6e173:   00 00 00 eb 0f c1 ea 1f 41 b9 40 00 00 00 84 d2
0x00007ffab8c6e183:   45 0f 45 cb 41 8b d0 41 8b c0 c1 ea 1d 80 e2 01
0x00007ffab8c6e193:   c1 e8 1e a8 01 74 15 84 d2 75 0a 41 c1 e8 1c 41
0x00007ffab8c6e1a3:   f6 c0 01 74 33 b9 23 00 00 00 eb 2c 84 d2 74 07
0x00007ffab8c6e1b3:   b9 76 00 00 00 eb 21 41 8b c0 c1 e8 1c a8 01 74
0x00007ffab8c6e1c3:   07 b9 70 00 00 00 eb 10 41 c1 e8 1f b9 40 00 00
0x00007ffab8c6e1d3:   00 45 84 c0 41 0f 45 cb 44 8b c1 48 8d 15 53 79
0x00007ffab8c6e1e3:   56 00 49 8b ca e9 f3 5b 00 00 c3 cc cc 48 89 5c 


Stack slot to memory mapping:
stack at sp + 0 slots: 0x000000fae78feac0 is pointing into the stack for thread: 0x000002226e66b800
stack at sp + 1 slots: 0x00007ffab8c8350a jvm.dll
stack at sp + 2 slots: 0x0 is NULL
stack at sp + 3 slots: 0x00007ffab8c8350a jvm.dll
stack at sp + 4 slots: 0x000000fae78fead0 is pointing into the stack for thread: 0x000002226e66b800
stack at sp + 5 slots: 0x00007ffab8c71fac jvm.dll
stack at sp + 6 slots: 0x000000fae78fead0 is pointing into the stack for thread: 0x000002226e66b800
stack at sp + 7 slots: 0x000002226e66b800 is a thread


---------------  P R O C E S S  ---------------

Threads class SMR info:
_java_thread_list=0x000002226e7791e0, length=14, elements={
0x000002224a232800, 0x000002226dc16000, 0x000002226dc18000, 0x000002226e4b7000,
0x000002226e4ba000, 0x000002226e4bb000, 0x000002226e4c4800, 0x000002226e4c6800,
0x000002226e4c7800, 0x000002226e5f3800, 0x000002226e66b800, 0x000002226e6c3800,
0x000002226e6c4000, 0x000002226e77d800
}

Java Threads: ( => current thread )
  0x000002224a232800 JavaThread "main" [_thread_blocked, id=236, stack(0x000000fae6800000,0x000000fae6900000)]
  0x000002226dc16000 JavaThread "Reference Handler" daemon [_thread_blocked, id=2256, stack(0x000000fae6f00000,0x000000fae7000000)]
  0x000002226dc18000 JavaThread "Finalizer" daemon [_thread_blocked, id=5832, stack(0x000000fae7000000,0x000000fae7100000)]
  0x000002226e4b7000 JavaThread "Signal Dispatcher" daemon [_thread_blocked, id=12404, stack(0x000000fae7100000,0x000000fae7200000)]
  0x000002226e4ba000 JavaThread "Attach Listener" daemon [_thread_blocked, id=12156, stack(0x000000fae7200000,0x000000fae7300000)]
  0x000002226e4bb000 JavaThread "Service Thread" daemon [_thread_blocked, id=14248, stack(0x000000fae7300000,0x000000fae7400000)]
  0x000002226e4c4800 JavaThread "C2 CompilerThread0" daemon [_thread_blocked, id=10336, stack(0x000000fae7400000,0x000000fae7500000)]
  0x000002226e4c6800 JavaThread "C1 CompilerThread0" daemon [_thread_blocked, id=3856, stack(0x000000fae7500000,0x000000fae7600000)]
  0x000002226e4c7800 JavaThread "Sweeper thread" daemon [_thread_blocked, id=10104, stack(0x000000fae7600000,0x000000fae7700000)]
  0x000002226e5f3800 JavaThread "Common-Cleaner" daemon [_thread_blocked, id=5488, stack(0x000000fae7700000,0x000000fae7800000)]
=>0x000002226e66b800 JavaThread "JDWP Transport Listener: dt_socket" daemon [_thread_in_vm, id=3420, stack(0x000000fae7800000,0x000000fae7900000)]
  0x000002226e6c3800 JavaThread "JDWP Event Helper Thread" daemon [_thread_blocked, id=11936, stack(0x000000fae7900000,0x000000fae7a00000)]
  0x000002226e6c4000 JavaThread "JDWP Command Reader" daemon [_thread_in_native, id=9372, stack(0x000000fae7a00000,0x000000fae7b00000)]
  0x000002226e77d800 JavaThread "Notification Thread" daemon [_thread_blocked, id=7772, stack(0x000000fae7b00000,0x000000fae7c00000)]

Other Threads:
  0x000002226dc12000 VMThread "VM Thread" [stack: 0x000000fae6e00000,0x000000fae6f00000] [id=11564]
  0x000002226e782000 WatcherThread [stack: 0x000000fae7c00000,0x000000fae7d00000] [id=596]
  0x000002224a299800 GCTaskThread "GC Thread#0" [stack: 0x000000fae6900000,0x000000fae6a00000] [id=3468]
  0x000002224a2bb800 ConcurrentGCThread "G1 Main Marker" [stack: 0x000000fae6a00000,0x000000fae6b00000] [id=9712]
  0x000002224a2bd000 ConcurrentGCThread "G1 Conc#0" [stack: 0x000000fae6b00000,0x000000fae6c00000] [id=6000]
  0x000002226db03000 ConcurrentGCThread "G1 Refine#0" [stack: 0x000000fae6c00000,0x000000fae6d00000] [id=10392]
  0x000002226db05000 ConcurrentGCThread "G1 Young RemSet Sampling" [stack: 0x000000fae6d00000,0x000000fae6e00000] [id=14164]

Threads with active compile tasks:

VM state:not at safepoint (normal execution)

VM Mutex/Monitor currently owned by a thread: None

Heap address: 0x0000000700400000, size: 4092 MB, Compressed Oops mode: Zero based, Oop shift amount: 3
Narrow klass base: 0x0000000800000000, Narrow klass shift: 3
Compressed class space size: 1073741824 Address: 0x0000000800b30000

Heap:
 garbage-first heap   total 262144K, used 6144K [0x0000000700400000, 0x0000000800000000)
  region size 1024K, 7 young (7168K), 0 survivors (0K)
 Metaspace       used 2225K, capacity 5377K, committed 5504K, reserved 1056768K
  class space    used 250K, capacity 537K, committed 640K, reserved 1048576K
Heap Regions: E=young(eden), S=young(survivor), O=old, HS=humongous(starts), HC=humongous(continues), CS=collection set, F=free, OA=open archive, CA=closed archive, TAMS=top-at-mark-start (previous, next)
|   0|0x0000000700400000, 0x0000000700400000, 0x0000000700500000|  0%| F|  |TAMS 0x0000000700400000, 0x0000000700400000| Untracked 
|   1|0x0000000700500000, 0x0000000700500000, 0x0000000700600000|  0%| F|  |TAMS 0x0000000700500000, 0x0000000700500000| Untracked 
|   2|0x0000000700600000, 0x0000000700600000, 0x0000000700700000|  0%| F|  |TAMS 0x0000000700600000, 0x0000000700600000| Untracked 
|   3|0x0000000700700000, 0x0000000700700000, 0x0000000700800000|  0%| F|  |TAMS 0x0000000700700000, 0x0000000700700000| Untracked 
|   4|0x0000000700800000, 0x0000000700800000, 0x0000000700900000|  0%| F|  |TAMS 0x0000000700800000, 0x0000000700800000| Untracked 
|   5|0x0000000700900000, 0x0000000700900000, 0x0000000700a00000|  0%| F|  |TAMS 0x0000000700900000, 0x0000000700900000| Untracked 
|   6|0x0000000700a00000, 0x0000000700a00000, 0x0000000700b00000|  0%| F|  |TAMS 0x0000000700a00000, 0x0000000700a00000| Untracked 
|   7|0x0000000700b00000, 0x0000000700b00000, 0x0000000700c00000|  0%| F|  |TAMS 0x0000000700b00000, 0x0000000700b00000| Untracked 
|   8|0x0000000700c00000, 0x0000000700c00000, 0x0000000700d00000|  0%| F|  |TAMS 0x0000000700c00000, 0x0000000700c00000| Untracked 
|   9|0x0000000700d00000, 0x0000000700d00000, 0x0000000700e00000|  0%| F|  |TAMS 0x0000000700d00000, 0x0000000700d00000| Untracked 
|  10|0x0000000700e00000, 0x0000000700e00000, 0x0000000700f00000|  0%| F|  |TAMS 0x0000000700e00000, 0x0000000700e00000| Untracked 
|  11|0x0000000700f00000, 0x0000000700f00000, 0x0000000701000000|  0%| F|  |TAMS 0x0000000700f00000, 0x0000000700f00000| Untracked 
|  12|0x0000000701000000, 0x0000000701000000, 0x0000000701100000|  0%| F|  |TAMS 0x0000000701000000, 0x0000000701000000| Untracked 
|  13|0x0000000701100000, 0x0000000701100000, 0x0000000701200000|  0%| F|  |TAMS 0x0000000701100000, 0x0000000701100000| Untracked 
|  14|0x0000000701200000, 0x0000000701200000, 0x0000000701300000|  0%| F|  |TAMS 0x0000000701200000, 0x0000000701200000| Untracked 
|  15|0x0000000701300000, 0x0000000701300000, 0x0000000701400000|  0%| F|  |TAMS 0x0000000701300000, 0x0000000701300000| Untracked 
|  16|0x0000000701400000, 0x0000000701400000, 0x0000000701500000|  0%| F|  |TAMS 0x0000000701400000, 0x0000000701400000| Untracked 
|  17|0x0000000701500000, 0x0000000701500000, 0x0000000701600000|  0%| F|  |TAMS 0x0000000701500000, 0x0000000701500000| Untracked 
|  18|0x0000000701600000, 0x0000000701600000, 0x0000000701700000|  0%| F|  |TAMS 0x0000000701600000, 0x0000000701600000| Untracked 
|  19|0x0000000701700000, 0x0000000701700000, 0x0000000701800000|  0%| F|  |TAMS 0x0000000701700000, 0x0000000701700000| Untracked 
|  20|0x0000000701800000, 0x0000000701800000, 0x0000000701900000|  0%| F|  |TAMS 0x0000000701800000, 0x0000000701800000| Untracked 
|  21|0x0000000701900000, 0x0000000701900000, 0x0000000701a00000|  0%| F|  |TAMS 0x0000000701900000, 0x0000000701900000| Untracked 
|  22|0x0000000701a00000, 0x0000000701a00000, 0x0000000701b00000|  0%| F|  |TAMS 0x0000000701a00000, 0x0000000701a00000| Untracked 
|  23|0x0000000701b00000, 0x0000000701b00000, 0x0000000701c00000|  0%| F|  |TAMS 0x0000000701b00000, 0x0000000701b00000| Untracked 
|  24|0x0000000701c00000, 0x0000000701c00000, 0x0000000701d00000|  0%| F|  |TAMS 0x0000000701c00000, 0x0000000701c00000| Untracked 
|  25|0x0000000701d00000, 0x0000000701d00000, 0x0000000701e00000|  0%| F|  |TAMS 0x0000000701d00000, 0x0000000701d00000| Untracked 
|  26|0x0000000701e00000, 0x0000000701e00000, 0x0000000701f00000|  0%| F|  |TAMS 0x0000000701e00000, 0x0000000701e00000| Untracked 
|  27|0x0000000701f00000, 0x0000000701f00000, 0x0000000702000000|  0%| F|  |TAMS 0x0000000701f00000, 0x0000000701f00000| Untracked 
|  28|0x0000000702000000, 0x0000000702000000, 0x0000000702100000|  0%| F|  |TAMS 0x0000000702000000, 0x0000000702000000| Untracked 
|  29|0x0000000702100000, 0x0000000702100000, 0x0000000702200000|  0%| F|  |TAMS 0x0000000702100000, 0x0000000702100000| Untracked 
|  30|0x0000000702200000, 0x0000000702200000, 0x0000000702300000|  0%| F|  |TAMS 0x0000000702200000, 0x0000000702200000| Untracked 
|  31|0x0000000702300000, 0x0000000702300000, 0x0000000702400000|  0%| F|  |TAMS 0x0000000702300000, 0x0000000702300000| Untracked 
|  32|0x0000000702400000, 0x0000000702400000, 0x0000000702500000|  0%| F|  |TAMS 0x0000000702400000, 0x0000000702400000| Untracked 
|  33|0x0000000702500000, 0x0000000702500000, 0x0000000702600000|  0%| F|  |TAMS 0x0000000702500000, 0x0000000702500000| Untracked 
|  34|0x0000000702600000, 0x0000000702600000, 0x0000000702700000|  0%| F|  |TAMS 0x0000000702600000, 0x0000000702600000| Untracked 
|  35|0x0000000702700000, 0x0000000702700000, 0x0000000702800000|  0%| F|  |TAMS 0x0000000702700000, 0x0000000702700000| Untracked 
|  36|0x0000000702800000, 0x0000000702800000, 0x0000000702900000|  0%| F|  |TAMS 0x0000000702800000, 0x0000000702800000| Untracked 
|  37|0x0000000702900000, 0x0000000702900000, 0x0000000702a00000|  0%| F|  |TAMS 0x0000000702900000, 0x0000000702900000| Untracked 
|  38|0x0000000702a00000, 0x0000000702a00000, 0x0000000702b00000|  0%| F|  |TAMS 0x0000000702a00000, 0x0000000702a00000| Untracked 
|  39|0x0000000702b00000, 0x0000000702b00000, 0x0000000702c00000|  0%| F|  |TAMS 0x0000000702b00000, 0x0000000702b00000| Untracked 
|  40|0x0000000702c00000, 0x0000000702c00000, 0x0000000702d00000|  0%| F|  |TAMS 0x0000000702c00000, 0x0000000702c00000| Untracked 
|  41|0x0000000702d00000, 0x0000000702d00000, 0x0000000702e00000|  0%| F|  |TAMS 0x0000000702d00000, 0x0000000702d00000| Untracked 
|  42|0x0000000702e00000, 0x0000000702e00000, 0x0000000702f00000|  0%| F|  |TAMS 0x0000000702e00000, 0x0000000702e00000| Untracked 
|  43|0x0000000702f00000, 0x0000000702f00000, 0x0000000703000000|  0%| F|  |TAMS 0x0000000702f00000, 0x0000000702f00000| Untracked 
|  44|0x0000000703000000, 0x0000000703000000, 0x0000000703100000|  0%| F|  |TAMS 0x0000000703000000, 0x0000000703000000| Untracked 
|  45|0x0000000703100000, 0x0000000703100000, 0x0000000703200000|  0%| F|  |TAMS 0x0000000703100000, 0x0000000703100000| Untracked 
|  46|0x0000000703200000, 0x0000000703200000, 0x0000000703300000|  0%| F|  |TAMS 0x0000000703200000, 0x0000000703200000| Untracked 
|  47|0x0000000703300000, 0x0000000703300000, 0x0000000703400000|  0%| F|  |TAMS 0x0000000703300000, 0x0000000703300000| Untracked 
|  48|0x0000000703400000, 0x0000000703400000, 0x0000000703500000|  0%| F|  |TAMS 0x0000000703400000, 0x0000000703400000| Untracked 
|  49|0x0000000703500000, 0x0000000703500000, 0x0000000703600000|  0%| F|  |TAMS 0x0000000703500000, 0x0000000703500000| Untracked 
|  50|0x0000000703600000, 0x0000000703600000, 0x0000000703700000|  0%| F|  |TAMS 0x0000000703600000, 0x0000000703600000| Untracked 
|  51|0x0000000703700000, 0x0000000703700000, 0x0000000703800000|  0%| F|  |TAMS 0x0000000703700000, 0x0000000703700000| Untracked 
|  52|0x0000000703800000, 0x0000000703800000, 0x0000000703900000|  0%| F|  |TAMS 0x0000000703800000, 0x0000000703800000| Untracked 
|  53|0x0000000703900000, 0x0000000703900000, 0x0000000703a00000|  0%| F|  |TAMS 0x0000000703900000, 0x0000000703900000| Untracked 
|  54|0x0000000703a00000, 0x0000000703a00000, 0x0000000703b00000|  0%| F|  |TAMS 0x0000000703a00000, 0x0000000703a00000| Untracked 
|  55|0x0000000703b00000, 0x0000000703b00000, 0x0000000703c00000|  0%| F|  |TAMS 0x0000000703b00000, 0x0000000703b00000| Untracked 
|  56|0x0000000703c00000, 0x0000000703c00000, 0x0000000703d00000|  0%| F|  |TAMS 0x0000000703c00000, 0x0000000703c00000| Untracked 
|  57|0x0000000703d00000, 0x0000000703d00000, 0x0000000703e00000|  0%| F|  |TAMS 0x0000000703d00000, 0x0000000703d00000| Untracked 
|  58|0x0000000703e00000, 0x0000000703e00000, 0x0000000703f00000|  0%| F|  |TAMS 0x0000000703e00000, 0x0000000703e00000| Untracked 
|  59|0x0000000703f00000, 0x0000000703f00000, 0x0000000704000000|  0%| F|  |TAMS 0x0000000703f00000, 0x0000000703f00000| Untracked 
|  60|0x0000000704000000, 0x0000000704000000, 0x0000000704100000|  0%| F|  |TAMS 0x0000000704000000, 0x0000000704000000| Untracked 
|  61|0x0000000704100000, 0x0000000704100000, 0x0000000704200000|  0%| F|  |TAMS 0x0000000704100000, 0x0000000704100000| Untracked 
|  62|0x0000000704200000, 0x0000000704200000, 0x0000000704300000|  0%| F|  |TAMS 0x0000000704200000, 0x0000000704200000| Untracked 
|  63|0x0000000704300000, 0x0000000704300000, 0x0000000704400000|  0%| F|  |TAMS 0x0000000704300000, 0x0000000704300000| Untracked 
|  64|0x0000000704400000, 0x0000000704400000, 0x0000000704500000|  0%| F|  |TAMS 0x0000000704400000, 0x0000000704400000| Untracked 
|  65|0x0000000704500000, 0x0000000704500000, 0x0000000704600000|  0%| F|  |TAMS 0x0000000704500000, 0x0000000704500000| Untracked 
|  66|0x0000000704600000, 0x0000000704600000, 0x0000000704700000|  0%| F|  |TAMS 0x0000000704600000, 0x0000000704600000| Untracked 
|  67|0x0000000704700000, 0x0000000704700000, 0x0000000704800000|  0%| F|  |TAMS 0x0000000704700000, 0x0000000704700000| Untracked 
|  68|0x0000000704800000, 0x0000000704800000, 0x0000000704900000|  0%| F|  |TAMS 0x0000000704800000, 0x0000000704800000| Untracked 
|  69|0x0000000704900000, 0x0000000704900000, 0x0000000704a00000|  0%| F|  |TAMS 0x0000000704900000, 0x0000000704900000| Untracked 
|  70|0x0000000704a00000, 0x0000000704a00000, 0x0000000704b00000|  0%| F|  |TAMS 0x0000000704a00000, 0x0000000704a00000| Untracked 
|  71|0x0000000704b00000, 0x0000000704b00000, 0x0000000704c00000|  0%| F|  |TAMS 0x0000000704b00000, 0x0000000704b00000| Untracked 
|  72|0x0000000704c00000, 0x0000000704c00000, 0x0000000704d00000|  0%| F|  |TAMS 0x0000000704c00000, 0x0000000704c00000| Untracked 
|  73|0x0000000704d00000, 0x0000000704d00000, 0x0000000704e00000|  0%| F|  |TAMS 0x0000000704d00000, 0x0000000704d00000| Untracked 
|  74|0x0000000704e00000, 0x0000000704e00000, 0x0000000704f00000|  0%| F|  |TAMS 0x0000000704e00000, 0x0000000704e00000| Untracked 
|  75|0x0000000704f00000, 0x0000000704f00000, 0x0000000705000000|  0%| F|  |TAMS 0x0000000704f00000, 0x0000000704f00000| Untracked 
|  76|0x0000000705000000, 0x0000000705000000, 0x0000000705100000|  0%| F|  |TAMS 0x0000000705000000, 0x0000000705000000| Untracked 
|  77|0x0000000705100000, 0x0000000705100000, 0x0000000705200000|  0%| F|  |TAMS 0x0000000705100000, 0x0000000705100000| Untracked 
|  78|0x0000000705200000, 0x0000000705200000, 0x0000000705300000|  0%| F|  |TAMS 0x0000000705200000, 0x0000000705200000| Untracked 
|  79|0x0000000705300000, 0x0000000705300000, 0x0000000705400000|  0%| F|  |TAMS 0x0000000705300000, 0x0000000705300000| Untracked 
|  80|0x0000000705400000, 0x0000000705400000, 0x0000000705500000|  0%| F|  |TAMS 0x0000000705400000, 0x0000000705400000| Untracked 
|  81|0x0000000705500000, 0x0000000705500000, 0x0000000705600000|  0%| F|  |TAMS 0x0000000705500000, 0x0000000705500000| Untracked 
|  82|0x0000000705600000, 0x0000000705600000, 0x0000000705700000|  0%| F|  |TAMS 0x0000000705600000, 0x0000000705600000| Untracked 
|  83|0x0000000705700000, 0x0000000705700000, 0x0000000705800000|  0%| F|  |TAMS 0x0000000705700000, 0x0000000705700000| Untracked 
|  84|0x0000000705800000, 0x0000000705800000, 0x0000000705900000|  0%| F|  |TAMS 0x0000000705800000, 0x0000000705800000| Untracked 
|  85|0x0000000705900000, 0x0000000705900000, 0x0000000705a00000|  0%| F|  |TAMS 0x0000000705900000, 0x0000000705900000| Untracked 
|  86|0x0000000705a00000, 0x0000000705a00000, 0x0000000705b00000|  0%| F|  |TAMS 0x0000000705a00000, 0x0000000705a00000| Untracked 
|  87|0x0000000705b00000, 0x0000000705b00000, 0x0000000705c00000|  0%| F|  |TAMS 0x0000000705b00000, 0x0000000705b00000| Untracked 
|  88|0x0000000705c00000, 0x0000000705c00000, 0x0000000705d00000|  0%| F|  |TAMS 0x0000000705c00000, 0x0000000705c00000| Untracked 
|  89|0x0000000705d00000, 0x0000000705d00000, 0x0000000705e00000|  0%| F|  |TAMS 0x0000000705d00000, 0x0000000705d00000| Untracked 
|  90|0x0000000705e00000, 0x0000000705e00000, 0x0000000705f00000|  0%| F|  |TAMS 0x0000000705e00000, 0x0000000705e00000| Untracked 
|  91|0x0000000705f00000, 0x0000000705f00000, 0x0000000706000000|  0%| F|  |TAMS 0x0000000705f00000, 0x0000000705f00000| Untracked 
|  92|0x0000000706000000, 0x0000000706000000, 0x0000000706100000|  0%| F|  |TAMS 0x0000000706000000, 0x0000000706000000| Untracked 
|  93|0x0000000706100000, 0x0000000706100000, 0x0000000706200000|  0%| F|  |TAMS 0x0000000706100000, 0x0000000706100000| Untracked 
|  94|0x0000000706200000, 0x0000000706200000, 0x0000000706300000|  0%| F|  |TAMS 0x0000000706200000, 0x0000000706200000| Untracked 
|  95|0x0000000706300000, 0x0000000706300000, 0x0000000706400000|  0%| F|  |TAMS 0x0000000706300000, 0x0000000706300000| Untracked 
|  96|0x0000000706400000, 0x0000000706400000, 0x0000000706500000|  0%| F|  |TAMS 0x0000000706400000, 0x0000000706400000| Untracked 
|  97|0x0000000706500000, 0x0000000706500000, 0x0000000706600000|  0%| F|  |TAMS 0x0000000706500000, 0x0000000706500000| Untracked 
|  98|0x0000000706600000, 0x0000000706600000, 0x0000000706700000|  0%| F|  |TAMS 0x0000000706600000, 0x0000000706600000| Untracked 
|  99|0x0000000706700000, 0x0000000706700000, 0x0000000706800000|  0%| F|  |TAMS 0x0000000706700000, 0x0000000706700000| Untracked 
| 100|0x0000000706800000, 0x0000000706800000, 0x0000000706900000|  0%| F|  |TAMS 0x0000000706800000, 0x0000000706800000| Untracked 
| 101|0x0000000706900000, 0x0000000706900000, 0x0000000706a00000|  0%| F|  |TAMS 0x0000000706900000, 0x0000000706900000| Untracked 
| 102|0x0000000706a00000, 0x0000000706a00000, 0x0000000706b00000|  0%| F|  |TAMS 0x0000000706a00000, 0x0000000706a00000| Untracked 
| 103|0x0000000706b00000, 0x0000000706b00000, 0x0000000706c00000|  0%| F|  |TAMS 0x0000000706b00000, 0x0000000706b00000| Untracked 
| 104|0x0000000706c00000, 0x0000000706c00000, 0x0000000706d00000|  0%| F|  |TAMS 0x0000000706c00000, 0x0000000706c00000| Untracked 
| 105|0x0000000706d00000, 0x0000000706d00000, 0x0000000706e00000|  0%| F|  |TAMS 0x0000000706d00000, 0x0000000706d00000| Untracked 
| 106|0x0000000706e00000, 0x0000000706e00000, 0x0000000706f00000|  0%| F|  |TAMS 0x0000000706e00000, 0x0000000706e00000| Untracked 
| 107|0x0000000706f00000, 0x0000000706f00000, 0x0000000707000000|  0%| F|  |TAMS 0x0000000706f00000, 0x0000000706f00000| Untracked 
| 108|0x0000000707000000, 0x0000000707000000, 0x0000000707100000|  0%| F|  |TAMS 0x0000000707000000, 0x0000000707000000| Untracked 
| 109|0x0000000707100000, 0x0000000707100000, 0x0000000707200000|  0%| F|  |TAMS 0x0000000707100000, 0x0000000707100000| Untracked 
| 110|0x0000000707200000, 0x0000000707200000, 0x0000000707300000|  0%| F|  |TAMS 0x0000000707200000, 0x0000000707200000| Untracked 
| 111|0x0000000707300000, 0x0000000707300000, 0x0000000707400000|  0%| F|  |TAMS 0x0000000707300000, 0x0000000707300000| Untracked 
| 112|0x0000000707400000, 0x0000000707400000, 0x0000000707500000|  0%| F|  |TAMS 0x0000000707400000, 0x0000000707400000| Untracked 
| 113|0x0000000707500000, 0x0000000707500000, 0x0000000707600000|  0%| F|  |TAMS 0x0000000707500000, 0x0000000707500000| Untracked 
| 114|0x0000000707600000, 0x0000000707600000, 0x0000000707700000|  0%| F|  |TAMS 0x0000000707600000, 0x0000000707600000| Untracked 
| 115|0x0000000707700000, 0x0000000707700000, 0x0000000707800000|  0%| F|  |TAMS 0x0000000707700000, 0x0000000707700000| Untracked 
| 116|0x0000000707800000, 0x0000000707800000, 0x0000000707900000|  0%| F|  |TAMS 0x0000000707800000, 0x0000000707800000| Untracked 
| 117|0x0000000707900000, 0x0000000707900000, 0x0000000707a00000|  0%| F|  |TAMS 0x0000000707900000, 0x0000000707900000| Untracked 
| 118|0x0000000707a00000, 0x0000000707a00000, 0x0000000707b00000|  0%| F|  |TAMS 0x0000000707a00000, 0x0000000707a00000| Untracked 
| 119|0x0000000707b00000, 0x0000000707b00000, 0x0000000707c00000|  0%| F|  |TAMS 0x0000000707b00000, 0x0000000707b00000| Untracked 
| 120|0x0000000707c00000, 0x0000000707c00000, 0x0000000707d00000|  0%| F|  |TAMS 0x0000000707c00000, 0x0000000707c00000| Untracked 
| 121|0x0000000707d00000, 0x0000000707d00000, 0x0000000707e00000|  0%| F|  |TAMS 0x0000000707d00000, 0x0000000707d00000| Untracked 
| 122|0x0000000707e00000, 0x0000000707e00000, 0x0000000707f00000|  0%| F|  |TAMS 0x0000000707e00000, 0x0000000707e00000| Untracked 
| 123|0x0000000707f00000, 0x0000000707f00000, 0x0000000708000000|  0%| F|  |TAMS 0x0000000707f00000, 0x0000000707f00000| Untracked 
| 124|0x0000000708000000, 0x0000000708000000, 0x0000000708100000|  0%| F|  |TAMS 0x0000000708000000, 0x0000000708000000| Untracked 
| 125|0x0000000708100000, 0x0000000708100000, 0x0000000708200000|  0%| F|  |TAMS 0x0000000708100000, 0x0000000708100000| Untracked 
| 126|0x0000000708200000, 0x0000000708200000, 0x0000000708300000|  0%| F|  |TAMS 0x0000000708200000, 0x0000000708200000| Untracked 
| 127|0x0000000708300000, 0x0000000708300000, 0x0000000708400000|  0%| F|  |TAMS 0x0000000708300000, 0x0000000708300000| Untracked 
| 128|0x0000000708400000, 0x0000000708400000, 0x0000000708500000|  0%| F|  |TAMS 0x0000000708400000, 0x0000000708400000| Untracked 
| 129|0x0000000708500000, 0x0000000708500000, 0x0000000708600000|  0%| F|  |TAMS 0x0000000708500000, 0x0000000708500000| Untracked 
| 130|0x0000000708600000, 0x0000000708600000, 0x0000000708700000|  0%| F|  |TAMS 0x0000000708600000, 0x0000000708600000| Untracked 
| 131|0x0000000708700000, 0x0000000708700000, 0x0000000708800000|  0%| F|  |TAMS 0x0000000708700000, 0x0000000708700000| Untracked 
| 132|0x0000000708800000, 0x0000000708800000, 0x0000000708900000|  0%| F|  |TAMS 0x0000000708800000, 0x0000000708800000| Untracked 
| 133|0x0000000708900000, 0x0000000708900000, 0x0000000708a00000|  0%| F|  |TAMS 0x0000000708900000, 0x0000000708900000| Untracked 
| 134|0x0000000708a00000, 0x0000000708a00000, 0x0000000708b00000|  0%| F|  |TAMS 0x0000000708a00000, 0x0000000708a00000| Untracked 
| 135|0x0000000708b00000, 0x0000000708b00000, 0x0000000708c00000|  0%| F|  |TAMS 0x0000000708b00000, 0x0000000708b00000| Untracked 
| 136|0x0000000708c00000, 0x0000000708c00000, 0x0000000708d00000|  0%| F|  |TAMS 0x0000000708c00000, 0x0000000708c00000| Untracked 
| 137|0x0000000708d00000, 0x0000000708d00000, 0x0000000708e00000|  0%| F|  |TAMS 0x0000000708d00000, 0x0000000708d00000| Untracked 
| 138|0x0000000708e00000, 0x0000000708e00000, 0x0000000708f00000|  0%| F|  |TAMS 0x0000000708e00000, 0x0000000708e00000| Untracked 
| 139|0x0000000708f00000, 0x0000000708f00000, 0x0000000709000000|  0%| F|  |TAMS 0x0000000708f00000, 0x0000000708f00000| Untracked 
| 140|0x0000000709000000, 0x0000000709000000, 0x0000000709100000|  0%| F|  |TAMS 0x0000000709000000, 0x0000000709000000| Untracked 
| 141|0x0000000709100000, 0x0000000709100000, 0x0000000709200000|  0%| F|  |TAMS 0x0000000709100000, 0x0000000709100000| Untracked 
| 142|0x0000000709200000, 0x0000000709200000, 0x0000000709300000|  0%| F|  |TAMS 0x0000000709200000, 0x0000000709200000| Untracked 
| 143|0x0000000709300000, 0x0000000709300000, 0x0000000709400000|  0%| F|  |TAMS 0x0000000709300000, 0x0000000709300000| Untracked 
| 144|0x0000000709400000, 0x0000000709400000, 0x0000000709500000|  0%| F|  |TAMS 0x0000000709400000, 0x0000000709400000| Untracked 
| 145|0x0000000709500000, 0x0000000709500000, 0x0000000709600000|  0%| F|  |TAMS 0x0000000709500000, 0x0000000709500000| Untracked 
| 146|0x0000000709600000, 0x0000000709600000, 0x0000000709700000|  0%| F|  |TAMS 0x0000000709600000, 0x0000000709600000| Untracked 
| 147|0x0000000709700000, 0x0000000709700000, 0x0000000709800000|  0%| F|  |TAMS 0x0000000709700000, 0x0000000709700000| Untracked 
| 148|0x0000000709800000, 0x0000000709800000, 0x0000000709900000|  0%| F|  |TAMS 0x0000000709800000, 0x0000000709800000| Untracked 
| 149|0x0000000709900000, 0x0000000709900000, 0x0000000709a00000|  0%| F|  |TAMS 0x0000000709900000, 0x0000000709900000| Untracked 
| 150|0x0000000709a00000, 0x0000000709a00000, 0x0000000709b00000|  0%| F|  |TAMS 0x0000000709a00000, 0x0000000709a00000| Untracked 
| 151|0x0000000709b00000, 0x0000000709b00000, 0x0000000709c00000|  0%| F|  |TAMS 0x0000000709b00000, 0x0000000709b00000| Untracked 
| 152|0x0000000709c00000, 0x0000000709c00000, 0x0000000709d00000|  0%| F|  |TAMS 0x0000000709c00000, 0x0000000709c00000| Untracked 
| 153|0x0000000709d00000, 0x0000000709d00000, 0x0000000709e00000|  0%| F|  |TAMS 0x0000000709d00000, 0x0000000709d00000| Untracked 
| 154|0x0000000709e00000, 0x0000000709e00000, 0x0000000709f00000|  0%| F|  |TAMS 0x0000000709e00000, 0x0000000709e00000| Untracked 
| 155|0x0000000709f00000, 0x0000000709f00000, 0x000000070a000000|  0%| F|  |TAMS 0x0000000709f00000, 0x0000000709f00000| Untracked 
| 156|0x000000070a000000, 0x000000070a000000, 0x000000070a100000|  0%| F|  |TAMS 0x000000070a000000, 0x000000070a000000| Untracked 
| 157|0x000000070a100000, 0x000000070a100000, 0x000000070a200000|  0%| F|  |TAMS 0x000000070a100000, 0x000000070a100000| Untracked 
| 158|0x000000070a200000, 0x000000070a200000, 0x000000070a300000|  0%| F|  |TAMS 0x000000070a200000, 0x000000070a200000| Untracked 
| 159|0x000000070a300000, 0x000000070a300000, 0x000000070a400000|  0%| F|  |TAMS 0x000000070a300000, 0x000000070a300000| Untracked 
| 160|0x000000070a400000, 0x000000070a400000, 0x000000070a500000|  0%| F|  |TAMS 0x000000070a400000, 0x000000070a400000| Untracked 
| 161|0x000000070a500000, 0x000000070a500000, 0x000000070a600000|  0%| F|  |TAMS 0x000000070a500000, 0x000000070a500000| Untracked 
| 162|0x000000070a600000, 0x000000070a600000, 0x000000070a700000|  0%| F|  |TAMS 0x000000070a600000, 0x000000070a600000| Untracked 
| 163|0x000000070a700000, 0x000000070a700000, 0x000000070a800000|  0%| F|  |TAMS 0x000000070a700000, 0x000000070a700000| Untracked 
| 164|0x000000070a800000, 0x000000070a800000, 0x000000070a900000|  0%| F|  |TAMS 0x000000070a800000, 0x000000070a800000| Untracked 
| 165|0x000000070a900000, 0x000000070a900000, 0x000000070aa00000|  0%| F|  |TAMS 0x000000070a900000, 0x000000070a900000| Untracked 
| 166|0x000000070aa00000, 0x000000070aa00000, 0x000000070ab00000|  0%| F|  |TAMS 0x000000070aa00000, 0x000000070aa00000| Untracked 
| 167|0x000000070ab00000, 0x000000070ab00000, 0x000000070ac00000|  0%| F|  |TAMS 0x000000070ab00000, 0x000000070ab00000| Untracked 
| 168|0x000000070ac00000, 0x000000070ac00000, 0x000000070ad00000|  0%| F|  |TAMS 0x000000070ac00000, 0x000000070ac00000| Untracked 
| 169|0x000000070ad00000, 0x000000070ad00000, 0x000000070ae00000|  0%| F|  |TAMS 0x000000070ad00000, 0x000000070ad00000| Untracked 
| 170|0x000000070ae00000, 0x000000070ae00000, 0x000000070af00000|  0%| F|  |TAMS 0x000000070ae00000, 0x000000070ae00000| Untracked 
| 171|0x000000070af00000, 0x000000070af00000, 0x000000070b000000|  0%| F|  |TAMS 0x000000070af00000, 0x000000070af00000| Untracked 
| 172|0x000000070b000000, 0x000000070b000000, 0x000000070b100000|  0%| F|  |TAMS 0x000000070b000000, 0x000000070b000000| Untracked 
| 173|0x000000070b100000, 0x000000070b100000, 0x000000070b200000|  0%| F|  |TAMS 0x000000070b100000, 0x000000070b100000| Untracked 
| 174|0x000000070b200000, 0x000000070b200000, 0x000000070b300000|  0%| F|  |TAMS 0x000000070b200000, 0x000000070b200000| Untracked 
| 175|0x000000070b300000, 0x000000070b300000, 0x000000070b400000|  0%| F|  |TAMS 0x000000070b300000, 0x000000070b300000| Untracked 
| 176|0x000000070b400000, 0x000000070b400000, 0x000000070b500000|  0%| F|  |TAMS 0x000000070b400000, 0x000000070b400000| Untracked 
| 177|0x000000070b500000, 0x000000070b500000, 0x000000070b600000|  0%| F|  |TAMS 0x000000070b500000, 0x000000070b500000| Untracked 
| 178|0x000000070b600000, 0x000000070b600000, 0x000000070b700000|  0%| F|  |TAMS 0x000000070b600000, 0x000000070b600000| Untracked 
| 179|0x000000070b700000, 0x000000070b700000, 0x000000070b800000|  0%| F|  |TAMS 0x000000070b700000, 0x000000070b700000| Untracked 
| 180|0x000000070b800000, 0x000000070b800000, 0x000000070b900000|  0%| F|  |TAMS 0x000000070b800000, 0x000000070b800000| Untracked 
| 181|0x000000070b900000, 0x000000070b900000, 0x000000070ba00000|  0%| F|  |TAMS 0x000000070b900000, 0x000000070b900000| Untracked 
| 182|0x000000070ba00000, 0x000000070ba00000, 0x000000070bb00000|  0%| F|  |TAMS 0x000000070ba00000, 0x000000070ba00000| Untracked 
| 183|0x000000070bb00000, 0x000000070bb00000, 0x000000070bc00000|  0%| F|  |TAMS 0x000000070bb00000, 0x000000070bb00000| Untracked 
| 184|0x000000070bc00000, 0x000000070bc00000, 0x000000070bd00000|  0%| F|  |TAMS 0x000000070bc00000, 0x000000070bc00000| Untracked 
| 185|0x000000070bd00000, 0x000000070bd00000, 0x000000070be00000|  0%| F|  |TAMS 0x000000070bd00000, 0x000000070bd00000| Untracked 
| 186|0x000000070be00000, 0x000000070be00000, 0x000000070bf00000|  0%| F|  |TAMS 0x000000070be00000, 0x000000070be00000| Untracked 
| 187|0x000000070bf00000, 0x000000070bf00000, 0x000000070c000000|  0%| F|  |TAMS 0x000000070bf00000, 0x000000070bf00000| Untracked 
| 188|0x000000070c000000, 0x000000070c000000, 0x000000070c100000|  0%| F|  |TAMS 0x000000070c000000, 0x000000070c000000| Untracked 
| 189|0x000000070c100000, 0x000000070c100000, 0x000000070c200000|  0%| F|  |TAMS 0x000000070c100000, 0x000000070c100000| Untracked 
| 190|0x000000070c200000, 0x000000070c200000, 0x000000070c300000|  0%| F|  |TAMS 0x000000070c200000, 0x000000070c200000| Untracked 
| 191|0x000000070c300000, 0x000000070c300000, 0x000000070c400000|  0%| F|  |TAMS 0x000000070c300000, 0x000000070c300000| Untracked 
| 192|0x000000070c400000, 0x000000070c400000, 0x000000070c500000|  0%| F|  |TAMS 0x000000070c400000, 0x000000070c400000| Untracked 
| 193|0x000000070c500000, 0x000000070c500000, 0x000000070c600000|  0%| F|  |TAMS 0x000000070c500000, 0x000000070c500000| Untracked 
| 194|0x000000070c600000, 0x000000070c600000, 0x000000070c700000|  0%| F|  |TAMS 0x000000070c600000, 0x000000070c600000| Untracked 
| 195|0x000000070c700000, 0x000000070c700000, 0x000000070c800000|  0%| F|  |TAMS 0x000000070c700000, 0x000000070c700000| Untracked 
| 196|0x000000070c800000, 0x000000070c800000, 0x000000070c900000|  0%| F|  |TAMS 0x000000070c800000, 0x000000070c800000| Untracked 
| 197|0x000000070c900000, 0x000000070c900000, 0x000000070ca00000|  0%| F|  |TAMS 0x000000070c900000, 0x000000070c900000| Untracked 
| 198|0x000000070ca00000, 0x000000070ca00000, 0x000000070cb00000|  0%| F|  |TAMS 0x000000070ca00000, 0x000000070ca00000| Untracked 
| 199|0x000000070cb00000, 0x000000070cb00000, 0x000000070cc00000|  0%| F|  |TAMS 0x000000070cb00000, 0x000000070cb00000| Untracked 
| 200|0x000000070cc00000, 0x000000070cc00000, 0x000000070cd00000|  0%| F|  |TAMS 0x000000070cc00000, 0x000000070cc00000| Untracked 
| 201|0x000000070cd00000, 0x000000070cd00000, 0x000000070ce00000|  0%| F|  |TAMS 0x000000070cd00000, 0x000000070cd00000| Untracked 
| 202|0x000000070ce00000, 0x000000070ce00000, 0x000000070cf00000|  0%| F|  |TAMS 0x000000070ce00000, 0x000000070ce00000| Untracked 
| 203|0x000000070cf00000, 0x000000070cf00000, 0x000000070d000000|  0%| F|  |TAMS 0x000000070cf00000, 0x000000070cf00000| Untracked 
| 204|0x000000070d000000, 0x000000070d000000, 0x000000070d100000|  0%| F|  |TAMS 0x000000070d000000, 0x000000070d000000| Untracked 
| 205|0x000000070d100000, 0x000000070d100000, 0x000000070d200000|  0%| F|  |TAMS 0x000000070d100000, 0x000000070d100000| Untracked 
| 206|0x000000070d200000, 0x000000070d200000, 0x000000070d300000|  0%| F|  |TAMS 0x000000070d200000, 0x000000070d200000| Untracked 
| 207|0x000000070d300000, 0x000000070d300000, 0x000000070d400000|  0%| F|  |TAMS 0x000000070d300000, 0x000000070d300000| Untracked 
| 208|0x000000070d400000, 0x000000070d400000, 0x000000070d500000|  0%| F|  |TAMS 0x000000070d400000, 0x000000070d400000| Untracked 
| 209|0x000000070d500000, 0x000000070d500000, 0x000000070d600000|  0%| F|  |TAMS 0x000000070d500000, 0x000000070d500000| Untracked 
| 210|0x000000070d600000, 0x000000070d600000, 0x000000070d700000|  0%| F|  |TAMS 0x000000070d600000, 0x000000070d600000| Untracked 
| 211|0x000000070d700000, 0x000000070d700000, 0x000000070d800000|  0%| F|  |TAMS 0x000000070d700000, 0x000000070d700000| Untracked 
| 212|0x000000070d800000, 0x000000070d800000, 0x000000070d900000|  0%| F|  |TAMS 0x000000070d800000, 0x000000070d800000| Untracked 
| 213|0x000000070d900000, 0x000000070d900000, 0x000000070da00000|  0%| F|  |TAMS 0x000000070d900000, 0x000000070d900000| Untracked 
| 214|0x000000070da00000, 0x000000070da00000, 0x000000070db00000|  0%| F|  |TAMS 0x000000070da00000, 0x000000070da00000| Untracked 
| 215|0x000000070db00000, 0x000000070db00000, 0x000000070dc00000|  0%| F|  |TAMS 0x000000070db00000, 0x000000070db00000| Untracked 
| 216|0x000000070dc00000, 0x000000070dc00000, 0x000000070dd00000|  0%| F|  |TAMS 0x000000070dc00000, 0x000000070dc00000| Untracked 
| 217|0x000000070dd00000, 0x000000070dd00000, 0x000000070de00000|  0%| F|  |TAMS 0x000000070dd00000, 0x000000070dd00000| Untracked 
| 218|0x000000070de00000, 0x000000070de00000, 0x000000070df00000|  0%| F|  |TAMS 0x000000070de00000, 0x000000070de00000| Untracked 
| 219|0x000000070df00000, 0x000000070df00000, 0x000000070e000000|  0%| F|  |TAMS 0x000000070df00000, 0x000000070df00000| Untracked 
| 220|0x000000070e000000, 0x000000070e000000, 0x000000070e100000|  0%| F|  |TAMS 0x000000070e000000, 0x000000070e000000| Untracked 
| 221|0x000000070e100000, 0x000000070e100000, 0x000000070e200000|  0%| F|  |TAMS 0x000000070e100000, 0x000000070e100000| Untracked 
| 222|0x000000070e200000, 0x000000070e200000, 0x000000070e300000|  0%| F|  |TAMS 0x000000070e200000, 0x000000070e200000| Untracked 
| 223|0x000000070e300000, 0x000000070e300000, 0x000000070e400000|  0%| F|  |TAMS 0x000000070e300000, 0x000000070e300000| Untracked 
| 224|0x000000070e400000, 0x000000070e400000, 0x000000070e500000|  0%| F|  |TAMS 0x000000070e400000, 0x000000070e400000| Untracked 
| 225|0x000000070e500000, 0x000000070e500000, 0x000000070e600000|  0%| F|  |TAMS 0x000000070e500000, 0x000000070e500000| Untracked 
| 226|0x000000070e600000, 0x000000070e600000, 0x000000070e700000|  0%| F|  |TAMS 0x000000070e600000, 0x000000070e600000| Untracked 
| 227|0x000000070e700000, 0x000000070e700000, 0x000000070e800000|  0%| F|  |TAMS 0x000000070e700000, 0x000000070e700000| Untracked 
| 228|0x000000070e800000, 0x000000070e800000, 0x000000070e900000|  0%| F|  |TAMS 0x000000070e800000, 0x000000070e800000| Untracked 
| 229|0x000000070e900000, 0x000000070e900000, 0x000000070ea00000|  0%| F|  |TAMS 0x000000070e900000, 0x000000070e900000| Untracked 
| 230|0x000000070ea00000, 0x000000070ea00000, 0x000000070eb00000|  0%| F|  |TAMS 0x000000070ea00000, 0x000000070ea00000| Untracked 
| 231|0x000000070eb00000, 0x000000070eb00000, 0x000000070ec00000|  0%| F|  |TAMS 0x000000070eb00000, 0x000000070eb00000| Untracked 
| 232|0x000000070ec00000, 0x000000070ec00000, 0x000000070ed00000|  0%| F|  |TAMS 0x000000070ec00000, 0x000000070ec00000| Untracked 
| 233|0x000000070ed00000, 0x000000070ed00000, 0x000000070ee00000|  0%| F|  |TAMS 0x000000070ed00000, 0x000000070ed00000| Untracked 
| 234|0x000000070ee00000, 0x000000070ee00000, 0x000000070ef00000|  0%| F|  |TAMS 0x000000070ee00000, 0x000000070ee00000| Untracked 
| 235|0x000000070ef00000, 0x000000070ef00000, 0x000000070f000000|  0%| F|  |TAMS 0x000000070ef00000, 0x000000070ef00000| Untracked 
| 236|0x000000070f000000, 0x000000070f000000, 0x000000070f100000|  0%| F|  |TAMS 0x000000070f000000, 0x000000070f000000| Untracked 
| 237|0x000000070f100000, 0x000000070f100000, 0x000000070f200000|  0%| F|  |TAMS 0x000000070f100000, 0x000000070f100000| Untracked 
| 238|0x000000070f200000, 0x000000070f200000, 0x000000070f300000|  0%| F|  |TAMS 0x000000070f200000, 0x000000070f200000| Untracked 
| 239|0x000000070f300000, 0x000000070f300000, 0x000000070f400000|  0%| F|  |TAMS 0x000000070f300000, 0x000000070f300000| Untracked 
| 240|0x000000070f400000, 0x000000070f400000, 0x000000070f500000|  0%| F|  |TAMS 0x000000070f400000, 0x000000070f400000| Untracked 
| 241|0x000000070f500000, 0x000000070f500000, 0x000000070f600000|  0%| F|  |TAMS 0x000000070f500000, 0x000000070f500000| Untracked 
| 242|0x000000070f600000, 0x000000070f600000, 0x000000070f700000|  0%| F|  |TAMS 0x000000070f600000, 0x000000070f600000| Untracked 
| 243|0x000000070f700000, 0x000000070f700000, 0x000000070f800000|  0%| F|  |TAMS 0x000000070f700000, 0x000000070f700000| Untracked 
| 244|0x000000070f800000, 0x000000070f800000, 0x000000070f900000|  0%| F|  |TAMS 0x000000070f800000, 0x000000070f800000| Untracked 
| 245|0x000000070f900000, 0x000000070f900000, 0x000000070fa00000|  0%| F|  |TAMS 0x000000070f900000, 0x000000070f900000| Untracked 
| 246|0x000000070fa00000, 0x000000070fa00000, 0x000000070fb00000|  0%| F|  |TAMS 0x000000070fa00000, 0x000000070fa00000| Untracked 
| 247|0x000000070fb00000, 0x000000070fb00000, 0x000000070fc00000|  0%| F|  |TAMS 0x000000070fb00000, 0x000000070fb00000| Untracked 
| 248|0x000000070fc00000, 0x000000070fc00000, 0x000000070fd00000|  0%| F|  |TAMS 0x000000070fc00000, 0x000000070fc00000| Untracked 
| 249|0x000000070fd00000, 0x000000070fde4490, 0x000000070fe00000| 89%| E|  |TAMS 0x000000070fd00000, 0x000000070fd00000| Complete 
| 250|0x000000070fe00000, 0x000000070ff00000, 0x000000070ff00000|100%| E|CS|TAMS 0x000000070fe00000, 0x000000070fe00000| Complete 
| 251|0x000000070ff00000, 0x0000000710000000, 0x0000000710000000|100%| E|CS|TAMS 0x000000070ff00000, 0x000000070ff00000| Complete 
| 252|0x0000000710000000, 0x0000000710100000, 0x0000000710100000|100%| E|CS|TAMS 0x0000000710000000, 0x0000000710000000| Complete 
| 253|0x0000000710100000, 0x0000000710200000, 0x0000000710200000|100%| E|CS|TAMS 0x0000000710100000, 0x0000000710100000| Complete 
| 254|0x0000000710200000, 0x0000000710300000, 0x0000000710300000|100%| E|CS|TAMS 0x0000000710200000, 0x0000000710200000| Complete 
| 255|0x0000000710300000, 0x0000000710400000, 0x0000000710400000|100%| E|CS|TAMS 0x0000000710300000, 0x0000000710300000| Complete 

Card table byte_map: [0x00000222622e0000,0x0000022262ae0000] _byte_map_base: 0x000002225eade000

Marking Bits (Prev, Next): (CMBitMap*) 0x000002224a29a688, (CMBitMap*) 0x000002224a29a6c8
 Prev Bits: [0x00000222632e0000, 0x00000222672d0000)
 Next Bits: [0x00000222672d0000, 0x000002226b2c0000)

Polling page: 0x0000022247f40000

Metaspace:

Usage:
  Non-class:      4.73 MB capacity,     1.93 MB ( 41%) used,     2.79 MB ( 59%) free+waste,     6.44 KB ( <1%) overhead. 
      Class:    537.00 KB capacity,   250.99 KB ( 47%) used,   282.51 KB ( 53%) free+waste,     3.50 KB ( <1%) overhead. 
       Both:      5.25 MB capacity,     2.17 MB ( 41%) used,     3.07 MB ( 58%) free+waste,     9.94 KB ( <1%) overhead. 

Virtual space:
  Non-class space:        8.00 MB reserved,       4.75 MB ( 59%) committed 
      Class space:        1.00 GB reserved,     640.00 KB ( <1%) committed 
             Both:        1.01 GB reserved,       5.38 MB ( <1%) committed 

Chunk freelists:
   Non-Class:  24.00 KB
       Class:  7.00 KB
        Both:  31.00 KB

MaxMetaspaceSize: 17179869184.00 GB
CompressedClassSpaceSize: 1.00 GB

CodeHeap 'non-profiled nmethods': size=120000Kb used=160Kb max_used=160Kb free=119839Kb
 bounds [0x000002225a4a0000, 0x000002225a710000, 0x00000222619d0000]
CodeHeap 'profiled nmethods': size=120000Kb used=861Kb max_used=861Kb free=119138Kb
 bounds [0x0000022252f70000, 0x00000222531e0000, 0x000002225a4a0000]
CodeHeap 'non-nmethods': size=5760Kb used=1219Kb max_used=1236Kb free=4540Kb
 bounds [0x00000222529d0000, 0x0000022252c40000, 0x0000022252f70000]
 total_blobs=852 nmethods=477 adapters=289
 compilation: enabled
              stopped_count=0, restarted_count=0
 full_count=0

Compilation events (20 events):
Event: 0.803 Thread 0x000002226e4c6800 nmethod 467 0x000002225303f290 code [0x000002225303f440, 0x000002225303f648]
Event: 0.803 Thread 0x000002226e4c6800  468       3       jdk.internal.loader.BuiltinClassLoader::loadClass (22 bytes)
Event: 0.803 Thread 0x000002226e4c6800 nmethod 468 0x000002225303f710 code [0x000002225303f8e0, 0x000002225303fc18]
Event: 0.803 Thread 0x000002226e4c6800  469   !   3       java.util.zip.Inflater::inflate (418 bytes)
Event: 0.805 Thread 0x000002226e4c6800 nmethod 469 0x000002225303fd90 code [0x0000022253040060, 0x0000022253041368]
Event: 0.805 Thread 0x000002226e4c6800  471   !   3       java.util.zip.InflaterInputStream::read (138 bytes)
Event: 0.806 Thread 0x000002226e4c6800 nmethod 471 0x0000022253041e10 code [0x00000222530420e0, 0x0000022253042fd8]
Event: 0.806 Thread 0x000002226e4c6800  474       3       java.util.LinkedHashMap::get (33 bytes)
Event: 0.807 Thread 0x000002226e4c6800 nmethod 474 0x0000022253043610 code [0x00000222530437e0, 0x0000022253043be8]
Event: 0.807 Thread 0x000002226e4c6800  472       3       java.util.zip.InflaterInputStream::ensureOpen (18 bytes)
Event: 0.807 Thread 0x000002226e4c6800 nmethod 472 0x0000022253043d90 code [0x0000022253043f40, 0x0000022253044188]
Event: 0.807 Thread 0x000002226e4c6800  473       1       java.lang.reflect.Method::getDeclaringClass (5 bytes)
Event: 0.807 Thread 0x000002226e4c6800 nmethod 473 0x000002225a4c6510 code [0x000002225a4c66a0, 0x000002225a4c6778]
Event: 0.808 Thread 0x000002226e4c6800  476       3       java.io.File::<init> (111 bytes)
Event: 0.809 Thread 0x000002226e4c6800 nmethod 476 0x0000022253044290 code [0x0000022253044540, 0x0000022253044fe8]
Event: 0.809 Thread 0x000002226e4c6800  477   !   3       jdk.internal.loader.URLClassPath$FileLoader::getResource (164 bytes)
Event: 0.811 Thread 0x000002226e4c6800 nmethod 477 0x0000022253045390 code [0x0000022253045700, 0x0000022253046bc8]
Event: 0.818 Thread 0x000002226e4c4800 nmethod 454 0x000002225a4c6810 code [0x000002225a4c6a80, 0x000002225a4c7870]
Event: 0.818 Thread 0x000002226e4c4800  475       4       java.lang.ref.Reference::reachabilityFence (1 bytes)
Event: 0.818 Thread 0x000002226e4c4800 nmethod 475 0x000002225a4c7f10 code [0x000002225a4c8080, 0x000002225a4c80b8]

GC Heap History (0 events):
No events

Deoptimization events (20 events):
Event: 0.560 Thread 0x000002224a232800 DEOPT PACKING pc=0x000002225a4ae500 sp=0x000000fae68fde30
Event: 0.560 Thread 0x000002224a232800 DEOPT UNPACKING pc=0x0000022252a1942f sp=0x000000fae68fddc0 mode 2
Event: 0.657 Thread 0x000002224a232800 Uncommon trap: trap_request=0xffffff45 fr.pc=0x000002225a4a5d0c relative=0x000000000000006c
Event: 0.657 Thread 0x000002224a232800 Uncommon trap: reason=unstable_if action=reinterpret pc=0x000002225a4a5d0c method=java.lang.String.isLatin1()Z @ 10 c2
Event: 0.657 Thread 0x000002224a232800 DEOPT PACKING pc=0x000002225a4a5d0c sp=0x000000fae68feac0
Event: 0.657 Thread 0x000002224a232800 DEOPT UNPACKING pc=0x0000022252a1942f sp=0x000000fae68fea60 mode 2
Event: 0.669 Thread 0x000002224a232800 Uncommon trap: trap_request=0xffffffde fr.pc=0x000002225a4ae500 relative=0x0000000000000a20
Event: 0.669 Thread 0x000002224a232800 Uncommon trap: reason=class_check action=maybe_recompile pc=0x000002225a4ae500 method=java.util.HashMap.putVal(ILjava/lang/Object;Ljava/lang/Object;ZZ)Ljava/lang/Object; @ 152 c2
Event: 0.669 Thread 0x000002224a232800 DEOPT PACKING pc=0x000002225a4ae500 sp=0x000000fae68fdf70
Event: 0.669 Thread 0x000002224a232800 DEOPT UNPACKING pc=0x0000022252a1942f sp=0x000000fae68fdf00 mode 2
Event: 0.735 Thread 0x000002224a232800 Uncommon trap: trap_request=0xffffffde fr.pc=0x000002225a4ba8a4 relative=0x00000000000004c4
Event: 0.735 Thread 0x000002224a232800 Uncommon trap: reason=class_check action=maybe_recompile pc=0x000002225a4ba8a4 method=java.util.HashMap.putVal(ILjava/lang/Object;Ljava/lang/Object;ZZ)Ljava/lang/Object; @ 253 c2
Event: 0.735 Thread 0x000002224a232800 DEOPT PACKING pc=0x000002225a4ba8a4 sp=0x000000fae68fe590
Event: 0.735 Thread 0x000002224a232800 DEOPT UNPACKING pc=0x0000022252a1942f sp=0x000000fae68fe530 mode 2
Event: 0.748 Thread 0x000002224a232800 Uncommon trap: trap_request=0xffffffde fr.pc=0x000002225a4ba8a4 relative=0x00000000000004c4
Event: 0.748 Thread 0x000002224a232800 Uncommon trap: reason=class_check action=maybe_recompile pc=0x000002225a4ba8a4 method=java.util.HashMap.putVal(ILjava/lang/Object;Ljava/lang/Object;ZZ)Ljava/lang/Object; @ 253 c2
Event: 0.748 Thread 0x000002224a232800 DEOPT PACKING pc=0x000002225a4ba8a4 sp=0x000000fae68fe590
Event: 0.748 Thread 0x000002224a232800 DEOPT UNPACKING pc=0x0000022252a1942f sp=0x000000fae68fe530 mode 2
Event: 0.754 Thread 0x000002224a232800 DEOPT PACKING pc=0x0000022252fe3f18 sp=0x000000fae68fd140
Event: 0.754 Thread 0x000002224a232800 DEOPT UNPACKING pc=0x0000022252a1994e sp=0x000000fae68fc5a8 mode 0

Classes unloaded (0 events):
No events

Classes redefined (2 events):
Event: 174.550 Thread 0x000002226dc12000 redefined class name=ru.job4j.it.Event, count=1
Event: 228.473 Thread 0x000002226dc12000 redefined class name=ru.job4j.it.Event, count=2

Internal exceptions (3 events):
Event: 0.580 Thread 0x000002224a232800 Exception <a 'java/io/FileNotFoundException'{0x0000000710179140}> (0x0000000710179140) 
thrown [./open/src/hotspot/share/prims/jni.cpp, line 599]
Event: 0.600 Thread 0x000002224a232800 Exception <a 'java/lang/NoSuchMethodError'{0x00000007101c19a8}: 'int java.lang.invoke.DirectMethodHandle$Holder.invokeSpecialIFC(java.lang.Object, java.lang.Object, int)'> (0x00000007101c19a8) 
thrown [./open/src/hotspot/share/interpreter/linkResolver.cpp, line 766]
Event: 0.737 Thread 0x000002224a232800 Exception <a 'java/lang/IncompatibleClassChangeError'{0x000000070fe62ed8}: Found class java.lang.Object, but interface was expected> (0x000000070fe62ed8) 
thrown [./open/src/hotspot/share/interpreter/linkResolver.cpp, line 832]

Events (20 events):
Event: 174.732 Executing VM operation: GetStackTrace
Event: 174.733 Executing VM operation: GetStackTrace done
Event: 228.447 Executing VM operation: ChangeBreakpoints
Event: 228.447 Executing VM operation: ChangeBreakpoints done
Event: 228.448 Executing VM operation: ChangeBreakpoints
Event: 228.448 Executing VM operation: ChangeBreakpoints done
Event: 228.471 Executing VM operation: RedefineClasses
Event: 228.474 Executing VM operation: RedefineClasses done
Event: 228.475 Executing VM operation: GetFrameCount
Event: 228.475 Executing VM operation: GetFrameCount done
Event: 228.475 Executing VM operation: GetFrameCount
Event: 228.475 Executing VM operation: GetFrameCount done
Event: 228.476 Executing VM operation: GetStackTrace
Event: 228.476 Executing VM operation: GetStackTrace done
Event: 228.524 Executing VM operation: ChangeBreakpoints
Event: 228.524 Executing VM operation: ChangeBreakpoints done
Event: 228.528 Executing VM operation: ChangeBreakpoints
Event: 228.528 Executing VM operation: ChangeBreakpoints done
Event: 228.533 Executing VM operation: GetFrameLocation
Event: 228.533 Executing VM operation: GetFrameLocation done


Dynamic libraries:
0x00007ff717ae0000 - 0x00007ff717aef000 	C:\Program Files\Java\jdk-14.0.2\bin\java.exe
0x00007ffaf81e0000 - 0x00007ffaf83d0000 	C:\WINDOWS\SYSTEM32\ntdll.dll
0x00007ffaf70b0000 - 0x00007ffaf7162000 	C:\WINDOWS\System32\KERNEL32.DLL
0x00007ffaf5480000 - 0x00007ffaf5725000 	C:\WINDOWS\System32\KERNELBASE.dll
0x00007ffaf5730000 - 0x00007ffaf582a000 	C:\WINDOWS\System32\ucrtbase.dll
0x00007ffaec590000 - 0x00007ffaec5a5000 	C:\Program Files\Java\jdk-14.0.2\bin\VCRUNTIME140.dll
0x00007ffaeeb00000 - 0x00007ffaeeb18000 	C:\Program Files\Java\jdk-14.0.2\bin\jli.dll
0x00007ffaf6290000 - 0x00007ffaf6333000 	C:\WINDOWS\System32\ADVAPI32.dll
0x00007ffaf80f0000 - 0x00007ffaf818e000 	C:\WINDOWS\System32\msvcrt.dll
0x00007ffaf7e30000 - 0x00007ffaf7ec7000 	C:\WINDOWS\System32\sechost.dll
0x00007ffaf7d10000 - 0x00007ffaf7e2f000 	C:\WINDOWS\System32\RPCRT4.dll
0x00007ffaf7220000 - 0x00007ffaf73b4000 	C:\WINDOWS\System32\USER32.dll
0x00007ffaf5450000 - 0x00007ffaf5471000 	C:\WINDOWS\System32\win32u.dll
0x00007ffaec5f0000 - 0x00007ffaec874000 	C:\WINDOWS\WinSxS\amd64_microsoft.windows.common-controls_6595b64144ccf1df_6.0.18362.1500_none_9e79be6de462295c\COMCTL32.dll
0x00007ffaf64f0000 - 0x00007ffaf6826000 	C:\WINDOWS\System32\combase.dll
0x00007ffaf7ad0000 - 0x00007ffaf7af6000 	C:\WINDOWS\System32\GDI32.dll
0x00007ffaf6060000 - 0x00007ffaf61f8000 	C:\WINDOWS\System32\gdi32full.dll
0x00007ffaf6200000 - 0x00007ffaf6281000 	C:\WINDOWS\System32\bcryptPrimitives.dll
0x00007ffaf52d0000 - 0x00007ffaf536e000 	C:\WINDOWS\System32\msvcp_win.dll
0x00007ffaefcd0000 - 0x00007ffaefcda000 	C:\WINDOWS\SYSTEM32\VERSION.dll
0x00007ffaf6f20000 - 0x00007ffaf6f4e000 	C:\WINDOWS\System32\IMM32.DLL
0x00007ffae2da0000 - 0x00007ffae2e3b000 	C:\Program Files\Java\jdk-14.0.2\bin\msvcp140.dll
0x00007ffab8980000 - 0x00007ffab949e000 	C:\Program Files\Java\jdk-14.0.2\bin\server\jvm.dll
0x00007ffaf64c0000 - 0x00007ffaf64c8000 	C:\WINDOWS\System32\PSAPI.DLL
0x00007ffae3620000 - 0x00007ffae3629000 	C:\WINDOWS\SYSTEM32\WSOCK32.dll
0x00007ffaf7f30000 - 0x00007ffaf7f9f000 	C:\WINDOWS\System32\WS2_32.dll
0x00007ffaeba50000 - 0x00007ffaeba74000 	C:\WINDOWS\SYSTEM32\WINMM.dll
0x00007ffaeb800000 - 0x00007ffaeb82d000 	C:\WINDOWS\SYSTEM32\winmmbase.dll
0x00007ffaf53a0000 - 0x00007ffaf53ea000 	C:\WINDOWS\System32\cfgmgr32.dll
0x00007ffaf5130000 - 0x00007ffaf5141000 	C:\WINDOWS\System32\kernel.appcore.dll
0x00007ffaf17a0000 - 0x00007ffaf17aa000 	C:\Program Files\Java\jdk-14.0.2\bin\jimage.dll
0x00007ffaf3940000 - 0x00007ffaf3b34000 	C:\WINDOWS\SYSTEM32\DBGHELP.DLL
0x00007ffaeebb0000 - 0x00007ffaeebda000 	C:\WINDOWS\SYSTEM32\dbgcore.DLL
0x00007ffae4b70000 - 0x00007ffae4ba8000 	C:\Program Files\Java\jdk-14.0.2\bin\jdwp.dll
0x00007ffaea3e0000 - 0x00007ffaea405000 	C:\Program Files\Java\jdk-14.0.2\bin\java.dll
0x00007ffaf1310000 - 0x00007ffaf131e000 	C:\Program Files\Java\jdk-14.0.2\bin\instrument.dll
0x00007ffae4df0000 - 0x00007ffae4e06000 	C:\Program Files\Java\jdk-14.0.2\bin\zip.dll
0x00007ffaf6830000 - 0x00007ffaf6f18000 	C:\WINDOWS\System32\SHELL32.dll
0x00007ffaf7170000 - 0x00007ffaf7217000 	C:\WINDOWS\System32\shcore.dll
0x00007ffaf5830000 - 0x00007ffaf5fab000 	C:\WINDOWS\System32\windows.storage.dll
0x00007ffaf5110000 - 0x00007ffaf512e000 	C:\WINDOWS\System32\profapi.dll
0x00007ffaf50a0000 - 0x00007ffaf50ea000 	C:\WINDOWS\System32\powrprof.dll
0x00007ffaf5090000 - 0x00007ffaf50a0000 	C:\WINDOWS\System32\UMPDC.dll
0x00007ffaf7500000 - 0x00007ffaf7552000 	C:\WINDOWS\System32\shlwapi.dll
0x00007ffaf5150000 - 0x00007ffaf5167000 	C:\WINDOWS\System32\cryptsp.dll
0x00007ffaeffd0000 - 0x00007ffaeffdb000 	C:\Program Files\Java\jdk-14.0.2\bin\dt_socket.dll
0x00007ffaf4580000 - 0x00007ffaf45ba000 	C:\WINDOWS\SYSTEM32\IPHLPAPI.DLL
0x00007ffaf4870000 - 0x00007ffaf48d7000 	C:\WINDOWS\system32\mswsock.dll
0x00007ffae4cd0000 - 0x00007ffae4ce9000 	C:\Program Files\Java\jdk-14.0.2\bin\net.dll
0x00007ffaede30000 - 0x00007ffaedf2a000 	C:\WINDOWS\SYSTEM32\WINHTTP.dll
0x00007ffae4a10000 - 0x00007ffae4a22000 	C:\Program Files\Java\jdk-14.0.2\bin\nio.dll
0x00007ffaecd80000 - 0x00007ffaecd90000 	C:\Program Files\Java\jdk-14.0.2\bin\verify.dll

dbghelp: loaded successfully - version: 4.0.5 - missing functions: none
symbol engine: initialized successfully - sym options: 0x614 - pdb path: .;C:\Program Files\Java\jdk-14.0.2\bin;C:\WINDOWS\SYSTEM32;C:\WINDOWS\WinSxS\amd64_microsoft.windows.common-controls_6595b64144ccf1df_6.0.18362.1500_none_9e79be6de462295c;C:\Program Files\Java\jdk-14.0.2\bin\server

VM Arguments:
jvm_args: -agentlib:jdwp=transport=dt_socket,address=127.0.0.1:57860,suspend=y,server=n -ea --enable-preview -Didea.test.cyclic.buffer.size=1048576 -javaagent:C:\Users\chans\AppData\Local\JetBrains\IdeaIC2020.2\captureAgent\debugger-agent.jar -Dfile.encoding=UTF-8 
java_command: com.intellij.rt.junit.JUnitStarter -ideVersion5 -junit4 ru.job4j.it.EventTest,shouldReturnEvenNumbersSequentially
java_class_path (initial): C:\Program Files\JetBrains\IntelliJ IDEA Community Edition 2020.2.2\lib\idea_rt.jar;C:\Program Files\JetBrains\IntelliJ IDEA Community Edition 2020.2.2\plugins\junit\lib\junit5-rt.jar;C:\Program Files\JetBrains\IntelliJ IDEA Community Edition 2020.2.2\plugins\junit\lib\junit-rt.jar;C:\projects\job4j_design\target\test-classes;C:\projects\job4j_design\target\classes;C:\Users\chans\.m2\repository\org\hamcrest\hamcrest-all\1.3\hamcrest-all-1.3.jar;C:\Users\chans\.m2\repository\junit\junit\4.12\junit-4.12.jar;C:\Users\chans\.m2\repository\org\hamcrest\hamcrest-core\1.3\hamcrest-core-1.3.jar
Launcher Type: SUN_STANDARD

[Global flags]
     intx CICompilerCount                          = 3                                         {product} {ergonomic}
     uint ConcGCThreads                            = 2                                         {product} {ergonomic}
     uint G1ConcRefinementThreads                  = 6                                         {product} {ergonomic}
   size_t G1HeapRegionSize                         = 1048576                                   {product} {ergonomic}
    uintx GCDrainStackTargetSize                   = 64                                        {product} {ergonomic}
   size_t InitialHeapSize                          = 268435456                                 {product} {ergonomic}
   size_t MarkStackSize                            = 4194304                                   {product} {ergonomic}
   size_t MaxHeapSize                              = 4290772992                                {product} {ergonomic}
   size_t MaxNewSize                               = 2574254080                                {product} {ergonomic}
   size_t MinHeapDeltaBytes                        = 1048576                                   {product} {ergonomic}
   size_t MinHeapSize                              = 8388608                                   {product} {ergonomic}
    uintx NonNMethodCodeHeapSize                   = 5832780                                {pd product} {ergonomic}
    uintx NonProfiledCodeHeapSize                  = 122912730                              {pd product} {ergonomic}
    uintx ProfiledCodeHeapSize                     = 122912730                              {pd product} {ergonomic}
    uintx ReservedCodeCacheSize                    = 251658240                              {pd product} {ergonomic}
     bool SegmentedCodeCache                       = true                                      {product} {ergonomic}
   size_t SoftMaxHeapSize                          = 4290772992                             {manageable} {ergonomic}
     bool UseCompressedClassPointers               = true                                 {lp64_product} {ergonomic}
     bool UseCompressedOops                        = true                                 {lp64_product} {ergonomic}
     bool UseG1GC                                  = true                                      {product} {ergonomic}
     bool UseLargePagesIndividualAllocation        = false                                  {pd product} {ergonomic}

Logging:
Log output configuration:
 #0: stdout all=warning uptime,level,tags
 #1: stderr all=off uptime,level,tags

Environment Variables:
JAVA_HOME=C:\Program Files\Java\jdk-15
PATH=C:\Program Files\Common Files\Oracle\Java\javapath;C:\ProgramData\Oracle\Java\javapath;C:\WINDOWS\system32;C:\WINDOWS;C:\WINDOWS\System32\Wbem;C:\WINDOWS\System32\WindowsPowerShell\v1.0\;C:\WINDOWS\System32\OpenSSH\;C:\Program Files\NVIDIA Corporation\NVIDIA NvDLISR;C:\Program Files (x86)\NVIDIA Corporation\PhysX\Common;C:\Program Files\Java\jdk-9.0.4\bin;C:\Program Files (x86)\Brackets\command;C:\Program Files\Git\cmd;C:\Program Files\Java\jdk-15\bin;C:\Tools\apache-maven-3.8.1\bin;
USERNAME=chans
OS=Windows_NT
PROCESSOR_IDENTIFIER=AMD64 Family 21 Model 2 Stepping 0, AuthenticAMD



---------------  S Y S T E M  ---------------

OS: Windows 10 , 64 bit Build 18362 (10.0.18362.1500)
OS uptime: 2 days 20:53 hours

CPU:total 6 (initial active 6) (6 cores per cpu, 1 threads per core) family 21 model 2 stepping 0, cmov, cx8, fxsr, mmx, sse, sse2, sse3, ssse3, sse4.1, sse4.2, popcnt, avx, aes, clmul, mmxext, 3dnowpref, lzcnt, sse4a, tsc, tscinvbit, tscinv, bmi1, fma

Memory: 4k page, system-wide physical 16366M (10070M free)
TotalPageFile size 18798M (AvailPageFile size 6673M)
current process WorkingSet (physical memory assigned to process): 43M, peak: 49M
current process commit charge ("private bytes"): 346M, peak: 352M

vm_info: Java HotSpot(TM) 64-Bit Server VM (14.0.2+12-46) for windows-amd64 JRE (14.0.2+12-46), built on Jul  9 2020 00:35:52 by "mach5one" with MS VC++ 15.9 (VS2017)

END.
